<?xml version="1.0" encoding="UTF-8"?>
<!-- Generated by org.testng.reporters.JUnitXMLReporter -->
<testsuite hostname="DESKTOP-9JGHJ33" ignored="2" name="Test(failed)" tests="1" failures="0" timestamp="2023-03-13T22:34:40 IST" time="0.098" errors="0">
  <testcase name="createcustomer" time="0.016" classname="com.actitime.testscript.CustomerModel"/>
  <testcase name="deletecustomer" time="0.0" classname="com.actitime.testscript.CustomerModel">
    <ignored/>
  </testcase> <!-- deletecustomer -->
  <testcase name="modifycustome" time="0.0" classname="com.actitime.testscript.CustomerModel">
    <ignored/>
  </testcase> <!-- modifycustome -->
</testsuite> <!-- Test(failed) -->
