<?xml version="1.0" encoding="UTF-8"?>
<!-- Generated by org.testng.reporters.JUnitXMLReporter -->
<testsuite hostname="DESKTOP-9JGHJ33" ignored="0" name="Test" tests="4" failures="1" timestamp="2023-03-13T22:08:49 IST" time="0.167" errors="0">
  <testcase name="createcustomer" time="0.027" classname="com.actitime.testscript.CustomerModel">
    <failure type="java.lang.AssertionError" message="null">
      <![CDATA[java.lang.AssertionError: null
at com.actitime.testscript.CustomerModel.createcustomer(CustomerModel.java:13)
at java.util.ArrayList.forEach(Unknown Source)
... Removed 29 stack frames]]>
    </failure>
  </testcase> <!-- createcustomer -->
  <testcase name="deletecustomer" time="0.0" classname="com.actitime.testscript.CustomerModel"/>
  <testcase name="modifycustome" time="0.0" classname="com.actitime.testscript.CustomerModel"/>
  <testcase name="demo" time="0.0" classname="com.actitime.testscript.Demotest"/>
</testsuite> <!-- Test -->
